<?xml version="1.0" encoding="UTF-8"?>
<testng-results ignored="0" total="1" passed="1" failed="0" skipped="0">
  <reporter-output>
  </reporter-output>
  <suite started-at="2022-02-07T16:07:33Z" name="BDD Test Suite" finished-at="2022-02-07T16:07:45Z" duration-ms="11757">
    <groups>
      <group name="cucumber">
        <method signature="TestRunner.feature(cucumber.api.testng.CucumberFeatureWrapper)[pri:0, instance:MyRunner.TestRunner@b59d31]" name="feature" class="MyRunner.TestRunner"/>
      </group> <!-- cucumber -->
    </groups>
    <test started-at="2022-02-07T16:07:33Z" name="Lambdatest ToDO Sample Test" finished-at="2022-02-07T16:07:45Z" duration-ms="11757">
      <class name="MyRunner.TestRunner">
        <test-method is-config="true" signature="setUpClass()[pri:0, instance:MyRunner.TestRunner@b59d31]" started-at="2022-02-07T16:07:33Z" name="setUpClass" finished-at="2022-02-07T16:07:33Z" duration-ms="111" status="PASS">
          <reporter-output>
          </reporter-output>
        </test-method> <!-- setUpClass -->
        <test-method signature="feature(cucumber.api.testng.CucumberFeatureWrapper)[pri:0, instance:MyRunner.TestRunner@b59d31]" started-at="2022-02-07T16:07:33Z" name="feature" description="Runs Cucumber Feature" data-provider="features" finished-at="2022-02-07T16:07:44Z" duration-ms="11457" status="PASS">
          <params>
            <param index="0">
              <value>
                <![CDATA[Testing sent email content]]>
              </value>
            </param>
          </params>
          <reporter-output>
          </reporter-output>
        </test-method> <!-- feature -->
        <test-method is-config="true" signature="tearDownClass()[pri:0, instance:MyRunner.TestRunner@b59d31]" started-at="2022-02-07T16:07:44Z" name="tearDownClass" finished-at="2022-02-07T16:07:45Z" duration-ms="129" status="PASS">
          <reporter-output>
          </reporter-output>
        </test-method> <!-- tearDownClass -->
      </class> <!-- MyRunner.TestRunner -->
    </test> <!-- Lambdatest ToDO Sample Test -->
  </suite> <!-- BDD Test Suite -->
</testng-results>
